  -2.0000000000000000        1.0000000000000000       -1.0000000000000000        1.0000000000000000     
          30          20
   1   1   2   2   2   3   3   3   3   3   3   3   3   4   4   4   5   7   9 999   4   4   3   3   2   2   2   2   2   2
   1   1   2   3   3   3   3   3   3   3   3   4   4   4   4   5   6   9  24   8   5   4   4   3   3   3   2   2   2   2
   1   2   3   3   3   3   3   3   3   3   4   4   4   4   5   6   8 999 999  18   6   5   5   4   3   3   3   2   2   2
   1   2   3   3   3   3   3   3   3   4   4   4   5   7   8   8  10 999 999  13   9   6   6   5   4   3   3   2   2   2
   2   3   3   3   3   3   3   3   4   4   5   5   6  12 999  26 999 999 999 999 999  12  15  15   4   3   3   3   2   2
   2   3   3   3   3   3   4   5   5   5   5   6   8  12 999 999 999 999 999 999 999 999 999   7   5   3   3   3   2   2
   3   3   3   3   4   5   7   7   7   7   7   7  11 999 999 999 999 999 999 999 999 999 999   9   5   4   3   3   3   2
   3   4   4   4   5   5   7  16  12  35  11   9  24 999 999 999 999 999 999 999 999 999 999  15   6   4   3   3   3   2
   4   4   4   5   5   6   8  18 999 999 999  15 999 999 999 999 999 999 999 999 999 999 999  31   5   4   3   3   3   2
   4   4   6   6   7  12  14 999 999 999 999 999 999 999 999 999 999 999 999 999 999 999 999   8   5   4   3   3   3   2
 999 999 999 999 999 999 999 999 999 999 999 999 999 999 999 999 999 999 999 999 999 999  12   7   5   4   3   3   3   3
   4   4   6   6   7  12  14 999 999 999 999 999 999 999 999 999 999 999 999 999 999 999 999   8   5   4   3   3   3   2
   4   4   4   5   5   6   8  18 999 999 999  15 999 999 999 999 999 999 999 999 999 999 999  31   5   4   3   3   3   2
   3   4   4   4   5   5   7  16  12  35  11   9  24 999 999 999 999 999 999 999 999 999 999  15   6   4   3   3   3   2
   3   3   3   3   4   5   7   7   7   7   7   7  11 999 999 999 999 999 999 999 999 999 999   9   5   4   3   3   3   2
   2   3   3   3   3   3   4   5   5   5   5   6   8  12 999 999 999 999 999 999 999 999 999   7   5   3   3   3   2   2
   2   3   3   3   3   3   3   3   4   4   5   5   6  12 999  26 999 999 999 999 999  12  15  15   4   3   3   3   2   2
   1   2   3   3   3   3   3   3   3   4   4   4   5   7   8   8  10 999 999  13   9   6   6   5   4   3   3   2   2   2
   1   2   3   3   3   3   3   3   3   3   4   4   4   4   5   6   8 999 999  18   6   5   5   4   3   3   3   2   2   2
   1   1   2   3   3   3   3   3   3   3   3   4   4   4   4   5   6   9  24   8   5   4   4   3   3   3   2   2   2   2
